ROOT =  1.25
ROOT =  1.25
	 (B) b 0,1 => 1,2  =  0    d=1
	 (B) b 0,1 => 1,2  =  0    d=1
	 (B) b 0,1 => 2,3  =  0    d=1
	 (B) b 0,1 => 2,3  =  0    d=1
	 (B) b 0,1 => 3,4  =  0.25    d=1
	 (B) b 0,1 => 3,4  =  0.25    d=1
	 (B) b 0,1 => 4,5  =  1    d=1
	 (B) b 0,1 => 4,5  =  1    d=1
	 (B) b 0,1 => 5,6  =  -3    d=1
	 (B) b 0,1 => 5,6  =  -3    d=1
	 (B) b 0,1 => 6,7  =  -3    d=1
	 (B) b 0,1 => 6,7  =  -3    d=1
	 (B) r 0,5 => 0,4  =  0.25    d=1
	 (B) r 0,5 => 0,4  =  0.25    d=1
	 (B) r 0,5 => 0,3  =  0.25    d=1
	 (B) r 0,5 => 0,3  =  0.25    d=1
	 (B) r 0,5 => 0,2  =  0.25    d=1
	 (B) k 0,6 => 0,7  =  0.25    d=1
	 (B) r 0,5 => 0,2  =  0.25    d=1
	 (B) p 1,0 => 2,0  =  1.25    d=1
	 (B) k 0,6 => 0,7  =  0.25    d=1
	 (B) p 1,0 => 3,0  =  0.25    d=1
	 (B) p 1,0 => 2,0  =  1.25    d=1
	 (B) p 1,1 => 2,1  =  0.25    d=1
	 (B) p 1,0 => 3,0  =  0.25    d=1
	 (B) q 1,3 => 2,4  =  -5.75    d=1
	 (B) p 1,1 => 2,1  =  0.25    d=1
	 (B) q 1,3 => 3,5  =  0.25    d=1
	 (B) q 1,3 => 2,4  =  -5.75    d=1
	 (B) q 1,3 => 4,6  =  -8.75    d=1
	 (B) q 1,3 => 3,5  =  0.25    d=1
	 (B) q 1,3 => 5,7  =  -8.75    d=1
	 (B) q 1,3 => 4,6  =  -8.75    d=1
	 (B) q 1,3 => 0,4  =  0.25    d=1
	 (B) q 1,3 => 5,7  =  -8.75    d=1
	 (B) q 1,3 => 0,2  =  0.25    d=1
	 (B) q 1,3 => 0,4  =  0.25    d=1
	 (B) q 1,3 => 2,3  =  -5.75    d=1
	 (B) q 1,3 => 0,2  =  0.25    d=1
	 (B) q 1,3 => 1,4  =  0.25    d=1
	 (B) q 1,3 => 2,3  =  -5.75    d=1
	 (B) q 1,3 => 0,3  =  0.25    d=1
	 (B) q 1,3 => 1,4  =  0.25    d=1
	 (B) q 1,3 => 1,2  =  -5.75    d=1
	 (B) q 1,3 => 0,3  =  0.25    d=1
	 (B) p 1,5 => 2,5  =  0.25    d=1
	 (B) q 1,3 => 1,2  =  -5.75    d=1
	 (B) p 1,5 => 3,5  =  0.25    d=1
	 (B) p 1,5 => 2,5  =  0.25    d=1
	 (B) p 1,6 => 2,6  =  0.25    d=1
	 (B) p 1,5 => 3,5  =  0.25    d=1
	 (B) p 1,7 => 2,7  =  0.25    d=1
	 (B) p 1,6 => 2,6  =  0.25    d=1
	 (B) p 1,7 => 3,7  =  0.25    d=1
	 (B) p 1,7 => 2,7  =  0.25    d=1
	 (B) n 2,2 => 0,3  =  0.25    d=1
	 (B) p 1,7 => 3,7  =  0.25    d=1
	 (B) n 2,2 => 1,4  =  0.25    d=1
	 (B) n 2,2 => 0,3  =  0.25    d=1
	 (B) n 2,2 => 3,0  =  0.25    d=1
	 (B) n 2,2 => 1,4  =  0.25    d=1
	 (B) n 2,2 => 3,4  =  0.25    d=1
	 (B) n 2,2 => 3,0  =  0.25    d=1
	 (B) n 2,2 => 4,1  =  0.25    d=1
	 (B) n 2,2 => 3,4  =  0.25    d=1
	 (B) n 2,2 => 4,3  =  0.25    d=1
	 (B) n 2,2 => 4,1  =  0.25    d=1
	 (B) p 3,2 => 4,2  =  0.25    d=1
	 (B) p 3,3 => 4,3  =  0.25    d=1
	 (B) n 2,2 => 4,3  =  0.25    d=1
	 (B) p 3,2 => 4,2  =  0.25    d=1
	 (B) p 3,3 => 4,3  =  0.25    d=1
